<?xml version="1.0" encoding="UTF-8"?>
<!-- Generated by org.testng.reporters.JUnitReportReporter -->
<testsuite hostname="Basma" failures="0" tests="2" name="TestCases.LoginTests" time="1.938" errors="0" timestamp="2024-12-13T10:59:33 GMT" skipped="0">
  <testcase classname="TestCases.LoginTests" name="TC01_ValidScenarioLoginVerification" time="1.002"/>
  <testcase classname="TestCases.LoginTests" name="TC02_InValidScenariosLoginVerification" time="0.936"/>
</testsuite> <!-- TestCases.LoginTests -->
