<?xml version="1.0" encoding="UTF-8"?>
<!-- Generated by org.testng.reporters.JUnitReportReporter -->
<testsuite hostname="Basma" failures="0" tests="2" name="TestCases.ManagerTests" time="1.189" errors="0" timestamp="2024-12-13T10:59:33 GMT" skipped="0">
  <testcase classname="TestCases.ManagerTests" name="TC03_LoginWithManagerID" time="1.143"/>
  <testcase classname="TestCases.ManagerTests" name="TC04_ManagerUserIdPresesnce" time="0.046"/>
</testsuite> <!-- TestCases.ManagerTests -->
