<?xml version="1.0" encoding="UTF-8"?>
<!-- Generated by org.testng.reporters.JUnitReportReporter -->
<testsuite hostname="Basma" failures="0" tests="2" name="TestCases.LoginTests" time="2.553" errors="0" timestamp="2024-12-09T07:21:35 GMT" skipped="0">
  <testcase classname="TestCases.LoginTests" name="TC01_ValidScenarioLoginVerification" time="1.199"/>
  <testcase classname="TestCases.LoginTests" name="TC02_InValidScenariosLoginVerification" time="1.354"/>
</testsuite> <!-- TestCases.LoginTests -->
